2023-05-28 08:17:15,883 INFO o.h.v.i.u.Version [background-preinit] HV000001: Hibernate Validator 8.0.0.Final
2023-05-28 08:17:15,958 INFO r.c.N.NewsManagerApplication [main] Starting NewsManagerApplication using Java 17.0.2 with PID 29631 (/Users/artemaverkov/Concurrency/NewsManager/NewsManager/build/classes/java/main started by artemaverkov in /Users/artemaverkov/Concurrency/NewsManager/NewsManager)
2023-05-28 08:17:15,961 DEBUG r.c.N.NewsManagerApplication [main] Running with Spring Boot v3.1.0, Spring v6.0.9
2023-05-28 08:17:15,967 INFO r.c.N.NewsManagerApplication [main] The following 1 profile is active: "prod"
2023-05-28 08:17:17,602 INFO o.s.d.r.c.RepositoryConfigurationDelegate [main] Bootstrapping Spring Data JPA repositories in DEFAULT mode.
2023-05-28 08:17:17,684 INFO o.s.d.r.c.RepositoryConfigurationDelegate [main] Finished Spring Data repository scanning in 75 ms. Found 2 JPA repository interfaces.
2023-05-28 08:17:18,838 INFO o.s.b.w.e.t.TomcatWebServer [main] Tomcat initialized with port(s): 8080 (http)
2023-05-28 08:17:18,849 INFO o.a.c.h.Http11NioProtocol [main] Initializing ProtocolHandler ["http-nio-8080"]
2023-05-28 08:17:18,850 INFO o.a.c.c.StandardService [main] Starting service [Tomcat]
2023-05-28 08:17:18,850 INFO o.a.c.c.StandardEngine [main] Starting Servlet engine: [Apache Tomcat/10.1.8]
2023-05-28 08:17:19,056 INFO o.a.c.c.C.[.[.[/] [main] Initializing Spring embedded WebApplicationContext
2023-05-28 08:17:19,057 INFO o.s.b.w.s.c.ServletWebServerApplicationContext [main] Root WebApplicationContext: initialization completed in 2553 ms
2023-05-28 08:17:19,298 INFO c.z.h.HikariDataSource [main] HikariPool-1 - Starting...
2023-05-28 08:17:19,409 INFO c.z.h.p.HikariPool [main] HikariPool-1 - Added connection org.postgresql.jdbc.PgConnection@61d60e38
2023-05-28 08:17:19,410 INFO c.z.h.HikariDataSource [main] HikariPool-1 - Start completed.
2023-05-28 08:17:19,674 INFO l.database [main] Set default schema name to public
2023-05-28 08:17:19,836 INFO l.lockservice [main] Successfully acquired change log lock
2023-05-28 08:17:20,476 INFO l.changelog [main] Reading from public.databasechangelog
2023-05-28 08:17:20,535 INFO l.changelog [main] Reading from public.databasechangelog
2023-05-28 08:17:20,544 INFO l.util [main] UPDATE SUMMARY
2023-05-28 08:17:20,545 INFO l.util [main] Run:                          0
2023-05-28 08:17:20,545 INFO l.util [main] Previously run:               5
2023-05-28 08:17:20,545 INFO l.util [main] Filtered out:                 0
2023-05-28 08:17:20,545 INFO l.util [main] -------------------------------
2023-05-28 08:17:20,545 INFO l.util [main] Total change sets:            5

2023-05-28 08:17:20,546 INFO l.util [main] Update summary generated
2023-05-28 08:17:20,551 INFO l.lockservice [main] Successfully released change log lock
2023-05-28 08:17:20,558 INFO l.lockservice [main] Successfully released change log lock
2023-05-28 08:17:20,559 INFO l.command [main] Command execution complete
2023-05-28 08:17:20,710 INFO o.h.j.i.u.LogHelper [main] HHH000204: Processing PersistenceUnitInfo [name: default]
2023-05-28 08:17:20,761 INFO o.h.Version [main] HHH000412: Hibernate ORM core version 6.2.2.Final
2023-05-28 08:17:20,763 INFO o.h.c.Environment [main] HHH000406: Using bytecode reflection optimizer
2023-05-28 08:17:20,899 INFO o.h.b.i.BytecodeProviderInitiator [main] HHH000021: Bytecode provider name : bytebuddy
2023-05-28 08:17:21,011 INFO o.s.o.j.p.SpringPersistenceUnitInfo [main] No LoadTimeWeaver setup: ignoring JPA class transformer
2023-05-28 08:17:21,046 INFO o.h.o.dialect [main] HHH035001: Using dialect: org.hibernate.dialect.PostgreSQLDialect, version: org.hibernate.engine.jdbc.env.internal.JdbcEnvironmentInitiator$DialectResolutionInfoImpl@14499b52
2023-05-28 08:17:21,283 INFO o.h.b.i.BytecodeProviderInitiator [main] HHH000021: Bytecode provider name : bytebuddy
2023-05-28 08:17:22,245 INFO o.h.e.t.j.p.i.JtaPlatformInitiator [main] HHH000490: Using JtaPlatform implementation: [org.hibernate.engine.transaction.jta.platform.internal.NoJtaPlatform]
2023-05-28 08:17:22,355 INFO o.s.o.j.LocalContainerEntityManagerFactoryBean [main] Initialized JPA EntityManagerFactory for persistence unit 'default'
2023-05-28 08:17:22,864 INFO o.s.d.j.r.q.QueryEnhancerFactory [main] Hibernate is in classpath; If applicable, HQL parser will be used.
2023-05-28 08:17:23,444 WARN o.s.b.a.o.j.JpaBaseConfiguration$JpaWebConfiguration [main] spring.jpa.open-in-view is enabled by default. Therefore, database queries may be performed during view rendering. Explicitly configure spring.jpa.open-in-view to disable this warning
2023-05-28 08:17:23,951 INFO o.a.c.h.Http11NioProtocol [main] Starting ProtocolHandler ["http-nio-8080"]
2023-05-28 08:17:23,983 INFO o.s.b.w.e.t.TomcatWebServer [main] Tomcat started on port(s): 8080 (http) with context path ''
2023-05-28 08:17:23,997 INFO r.c.N.NewsManagerApplication [main] Started NewsManagerApplication in 8.669 seconds (process running for 9.811)
2023-05-28 08:18:45,669 INFO o.a.c.c.C.[.[.[/] [http-nio-8080-exec-1] Initializing Spring DispatcherServlet 'dispatcherServlet'
2023-05-28 08:18:45,671 INFO o.s.w.s.DispatcherServlet [http-nio-8080-exec-1] Initializing Servlet 'dispatcherServlet'
2023-05-28 08:18:45,690 INFO o.s.w.s.DispatcherServlet [http-nio-8080-exec-1] Completed initialization in 19 ms
2023-05-28 08:19:00,648 INFO o.s.o.j.LocalContainerEntityManagerFactoryBean [SpringApplicationShutdownHook] Closing JPA EntityManagerFactory for persistence unit 'default'
2023-05-28 08:19:00,665 INFO c.z.h.HikariDataSource [SpringApplicationShutdownHook] HikariPool-1 - Shutdown initiated...
2023-05-28 08:19:00,676 INFO c.z.h.HikariDataSource [SpringApplicationShutdownHook] HikariPool-1 - Shutdown completed.
